


ARM Macro Assembler    Page 1 


    1 00000000         ;//-------- <<< Use Configuration Wizard in Context Menu
                        >>> ------------------
    2 00000000         ;*/
    3 00000000         
    4 00000000         
    5 00000000         ; <h> Stack Configuration
    6 00000000         ;   <o> Stack Size (in Bytes) <0x0-0xFFFFFFFF:8>
    7 00000000         ; </h>
    8 00000000         
    9 00000000 00000800 
                       Stack_Size
                               EQU              0x00000800
   10 00000000         
   11 00000000                 AREA             STACK, NOINIT, READWRITE, ALIGN
=3
   12 00000000         Stack_Mem
                               SPACE            Stack_Size
   13 00000800         __initial_sp
   14 00000800         
   15 00000800         
   16 00000800         ; <h> Heap Configuration
   17 00000800         ;   <o>  Heap Size (in Bytes) <0x0-0xFFFFFFFF:8>
   18 00000800         ; </h>
   19 00000800         
   20 00000800 00000800 
                       Heap_Size
                               EQU              0x00000800
   21 00000800         
   22 00000800                 AREA             HEAP, NOINIT, READWRITE, ALIGN=
3
   23 00000000         __heap_base
   24 00000000         Heap_Mem
                               SPACE            Heap_Size
   25 00000800         __heap_limit
   26 00000800         
   27 00000800                 PRESERVE8
   28 00000800                 THUMB
   29 00000800         
   30 00000800         
   31 00000800         ; Vector Table Mapped to Address 0 at Reset
   32 00000800         
   33 00000800                 AREA             RESET, DATA, READONLY
   34 00000000                 EXPORT           __Vectors
   35 00000000                 EXPORT           __Vectors_End
   36 00000000                 EXPORT           __Vectors_Size
   37 00000000         
   38 00000000         
   39 00000000 00000000 
                       __Vectors
                               DCD              __initial_sp ; Top of Stack
   40 00000004 00000000        DCD              Reset_Handler ; Reset Handler
   41 00000008 00000000        DCD              NMI_Handler ; Reset Handler
   42 0000000C 00000000        DCD              HardFault_Handler ; Hard Fault 
                                                            Handler
   43 00000010 00000000        DCD              0           ; Reserved
   44 00000014 00000000        DCD              0           ; Reserved
   45 00000018 00000000        DCD              0           ; Reserved
   46 0000001C 00000000        DCD              0           ; Reserved
   47 00000020 00000000        DCD              0           ; Reserved



ARM Macro Assembler    Page 2 


   48 00000024 00000000        DCD              0           ; Reserved
   49 00000028 00000000        DCD              0           ; Reserved
   50 0000002C 00000000        DCD              SVC_Handler ; SVCall Handler
   51 00000030 00000000        DCD              0           ; Reserved
   52 00000034 00000000        DCD              0           ; Reserved
   53 00000038 00000000        DCD              PendSV_Handler ; PendSV Handler
                                                            
   54 0000003C 00000000        DCD              SysTick_Handler 
                                                            ; SysTick Handler
   55 00000040         
   56 00000040         ; External Interrupts
   57 00000040 00000000        DCD              MUX0_IRQHandler ; 0 MUX0
   58 00000044 00000000        DCD              MUX1_IRQHandler ; 1 MUX1
   59 00000048 00000000        DCD              MUX2_IRQHandler ; 2 MUX2
   60 0000004C 00000000        DCD              MUX3_IRQHandler ; 3 MUX3
   61 00000050 00000000        DCD              MUX4_IRQHandler ; 4 MUX4
   62 00000054 00000000        DCD              MUX5_IRQHandler ; 5 MUX5
   63 00000058 00000000        DCD              MUX6_IRQHandler ; 6 MUX6
   64 0000005C 00000000        DCD              MUX7_IRQHandler ; 7 MUX7
   65 00000060 00000000        DCD              MUX8_IRQHandler ; 8 MUX8
   66 00000064 00000000        DCD              MUX9_IRQHandler ; 9 MUX9
   67 00000068 00000000        DCD              MUX10_IRQHandler ; 10 MUX10
   68 0000006C 00000000        DCD              MUX11_IRQHandler ; 11 MUX11
   69 00000070 00000000        DCD              MUX12_IRQHandler ; 12 MUX12
   70 00000074 00000000        DCD              MUX13_IRQHandler ; 13 MUX13
   71 00000078 00000000        DCD              MUX14_IRQHandler ; 14 MUX14
   72 0000007C 00000000        DCD              MUX15_IRQHandler ; 15 MUX15
   73 00000080 00000000        DCD              MUX16_IRQHandler ; 16 MUX16
   74 00000084 00000000        DCD              MUX17_IRQHandler ; 17 MUX17
   75 00000088 00000000        DCD              MUX18_IRQHandler ; 18 MUX18
   76 0000008C 00000000        DCD              MUX19_IRQHandler ; 19 MUX19
   77 00000090 00000000        DCD              MUX20_IRQHandler ; 20 MUX20
   78 00000094 00000000        DCD              MUX21_IRQHandler ; 21 MUX21
   79 00000098 00000000        DCD              MUX22_IRQHandler ; 22 MUX22
   80 0000009C 00000000        DCD              MUX23_IRQHandler ; 23 MUX23
   81 000000A0 00000000        DCD              MUX24_IRQHandler ; 24 MUX24
   82 000000A4 00000000        DCD              MUX25_IRQHandler ; 25 MUX25
   83 000000A8 00000000        DCD              MUX26_IRQHandler ; 26 MUX26
   84 000000AC 00000000        DCD              MUX27_IRQHandler ; 27 MUX27
   85 000000B0 00000000        DCD              MUX28_IRQHandler ; 28 MUX28
   86 000000B4 00000000        DCD              MUX29_IRQHandler ; 29 MUX29
   87 000000B8 00000000        DCD              MUX30_IRQHandler ; 30 MUX30
   88 000000BC 00000000        DCD              MUX31_IRQHandler ; 31 MUX31
   89 000000C0         
   90 000000C0         __Vectors_End
   91 000000C0         
   92 000000C0 000000C0 
                       __Vectors_Size
                               EQU              __Vectors_End - __Vectors
   93 000000C0         
   94 000000C0                 AREA             |.text|, CODE, READONLY
   95 00000000         
   96 00000000         
   97 00000000         ; Reset Handler
   98 00000000         
   99 00000000         Reset_Handler
                               PROC
  100 00000000                 EXPORT           Reset_Handler             [WEAK
]



ARM Macro Assembler    Page 3 


  101 00000000                 IMPORT           SystemInit
  102 00000000                 IMPORT           __main
  103 00000000 4807            LDR              R0, =SystemInit
  104 00000002 4780            BLX              R0
  105 00000004 4807            LDR              R0, =__main
  106 00000006 4700            BX               R0
  107 00000008                 ENDP
  108 00000008         
  109 00000008         
  110 00000008         ; Dummy Exception Handlers (infinite loops which can be 
                       modified)
  111 00000008         
  112 00000008         NMI_Handler
                               PROC
  113 00000008                 EXPORT           NMI_Handler               [WEAK
]
  114 00000008 E7FE            B                .
  115 0000000A                 ENDP
  117 0000000A         HardFault_Handler
                               PROC
  118 0000000A                 EXPORT           HardFault_Handler         [WEAK
]
  119 0000000A E7FE            B                .
  120 0000000C                 ENDP
  121 0000000C         SVC_Handler
                               PROC
  122 0000000C                 EXPORT           SVC_Handler               [WEAK
]
  123 0000000C E7FE            B                .
  124 0000000E                 ENDP
  125 0000000E         PendSV_Handler
                               PROC
  126 0000000E                 EXPORT           PendSV_Handler            [WEAK
]
  127 0000000E E7FE            B                .
  128 00000010                 ENDP
  129 00000010         SysTick_Handler
                               PROC
  130 00000010                 EXPORT           SysTick_Handler           [WEAK
]
  131 00000010 E7FE            B                .
  132 00000012                 ENDP
  133 00000012         
  134 00000012         
  135 00000012         Default_Handler
                               PROC
  136 00000012                 EXPORT           MUX0_IRQHandler           [WEAK
]
  137 00000012                 EXPORT           MUX1_IRQHandler           [WEAK
]
  138 00000012                 EXPORT           MUX2_IRQHandler           [WEAK
]
  139 00000012                 EXPORT           MUX3_IRQHandler           [WEAK
]
  140 00000012                 EXPORT           MUX4_IRQHandler           [WEAK
]
  141 00000012                 EXPORT           MUX5_IRQHandler           [WEAK
]
  142 00000012                 EXPORT           MUX6_IRQHandler           [WEAK



ARM Macro Assembler    Page 4 


]
  143 00000012                 EXPORT           MUX7_IRQHandler           [WEAK
]
  144 00000012                 EXPORT           MUX8_IRQHandler           [WEAK
]
  145 00000012                 EXPORT           MUX9_IRQHandler           [WEAK
]
  146 00000012                 EXPORT           MUX10_IRQHandler          [WEAK
]
  147 00000012                 EXPORT           MUX11_IRQHandler          [WEAK
]
  148 00000012                 EXPORT           MUX12_IRQHandler          [WEAK
]
  149 00000012                 EXPORT           MUX13_IRQHandler          [WEAK
]
  150 00000012                 EXPORT           MUX14_IRQHandler          [WEAK
]
  151 00000012                 EXPORT           MUX15_IRQHandler          [WEAK
]
  152 00000012                 EXPORT           MUX16_IRQHandler          [WEAK
]
  153 00000012                 EXPORT           MUX17_IRQHandler          [WEAK
]
  154 00000012                 EXPORT           MUX18_IRQHandler          [WEAK
]
  155 00000012                 EXPORT           MUX19_IRQHandler          [WEAK
]
  156 00000012                 EXPORT           MUX20_IRQHandler          [WEAK
]
  157 00000012                 EXPORT           MUX21_IRQHandler          [WEAK
]
  158 00000012                 EXPORT           MUX22_IRQHandler          [WEAK
]
  159 00000012                 EXPORT           MUX23_IRQHandler          [WEAK
]
  160 00000012                 EXPORT           MUX24_IRQHandler          [WEAK
]
  161 00000012                 EXPORT           MUX25_IRQHandler          [WEAK
]
  162 00000012                 EXPORT           MUX26_IRQHandler          [WEAK
]
  163 00000012                 EXPORT           MUX27_IRQHandler          [WEAK
]
  164 00000012                 EXPORT           MUX28_IRQHandler          [WEAK
]
  165 00000012                 EXPORT           MUX29_IRQHandler          [WEAK
]
  166 00000012                 EXPORT           MUX30_IRQHandler          [WEAK
]
  167 00000012                 EXPORT           MUX31_IRQHandler          [WEAK
]
  168 00000012         MUX0_IRQHandler
  169 00000012         MUX1_IRQHandler
  170 00000012         MUX2_IRQHandler
  171 00000012         MUX3_IRQHandler
  172 00000012         MUX4_IRQHandler
  173 00000012         MUX5_IRQHandler
  174 00000012         MUX6_IRQHandler
  175 00000012         MUX7_IRQHandler



ARM Macro Assembler    Page 5 


  176 00000012         MUX8_IRQHandler
  177 00000012         MUX9_IRQHandler
  178 00000012         MUX10_IRQHandler
  179 00000012         MUX11_IRQHandler
  180 00000012         MUX12_IRQHandler
  181 00000012         MUX13_IRQHandler
  182 00000012         MUX14_IRQHandler
  183 00000012         MUX15_IRQHandler
  184 00000012         MUX16_IRQHandler
  185 00000012         MUX17_IRQHandler
  186 00000012         MUX18_IRQHandler
  187 00000012         MUX19_IRQHandler
  188 00000012         MUX20_IRQHandler
  189 00000012         MUX21_IRQHandler
  190 00000012         MUX22_IRQHandler
  191 00000012         MUX23_IRQHandler
  192 00000012         MUX24_IRQHandler
  193 00000012         MUX25_IRQHandler
  194 00000012         MUX26_IRQHandler
  195 00000012         MUX27_IRQHandler
  196 00000012         MUX28_IRQHandler
  197 00000012         MUX29_IRQHandler
  198 00000012         MUX30_IRQHandler
  199 00000012         MUX31_IRQHandler
  200 00000012         
  201 00000012         
  202 00000012 E7FE            B                .
  203 00000014                 ENDP
  204 00000014         
  205 00000014         
  206 00000014                 ALIGN
  207 00000014         
  208 00000014         
  209 00000014         ; User Initial Stack & Heap
  210 00000014         
  211 00000014                 IF               :DEF:__MICROLIB
  218 00000014         
  219 00000014                 IMPORT           __use_two_region_memory
  220 00000014                 EXPORT           __user_initial_stackheap
  221 00000014         __user_initial_stackheap
  222 00000014         
  223 00000014 4804            LDR              R0, =  Heap_Mem
  224 00000016 4905            LDR              R1, =(Stack_Mem + Stack_Size)
  225 00000018 4A05            LDR              R2, = (Heap_Mem +  Heap_Size)
  226 0000001A 4B06            LDR              R3, = Stack_Mem
  227 0000001C 4770            BX               LR
  228 0000001E         
  229 0000001E 00 00           ALIGN
  230 00000020         
  231 00000020                 ENDIF
  232 00000020         
  233 00000020         
  234 00000020                 END
              00000000 
              00000000 
              00000000 
              00000800 
              00000800 
              00000000 



ARM Macro Assembler    Page 6 


Command Line: --debug --xref --diag_suppress=9931 --cpu=Cortex-M0 --apcs=interw
ork --depend=.\objects\startup_fm33fh0xx.d -o.\objects\startup_fm33fh0xx.o -I.\
RTE\_Example -IC:\Users\nouriP\AppData\Local\Arm\Packs\FMSH\FM33FH0XX_DFP\1.0.0
\Device\Include -IC:\Keil_v5\ARM\CMSIS\Include --predefine="__UVISION_VERSION S
ETA 527" --predefine="FM33FH0xx SETA 1" --list=.\listings\startup_fm33fh0xx.lst
 ..\Drivers\CMSIS\Device\FM\FM33xx\Source\Templates\ARM\startup_fm33fh0xx.s



ARM Macro Assembler    Page 1 Alphabetic symbol ordering
Relocatable symbols

STACK 00000000

Symbol: STACK
   Definitions
      At line 11 in file ..\Drivers\CMSIS\Device\FM\FM33xx\Source\Templates\ARM
\startup_fm33fh0xx.s
   Uses
      None
Comment: STACK unused
Stack_Mem 00000000

Symbol: Stack_Mem
   Definitions
      At line 12 in file ..\Drivers\CMSIS\Device\FM\FM33xx\Source\Templates\ARM
\startup_fm33fh0xx.s
   Uses
      At line 224 in file ..\Drivers\CMSIS\Device\FM\FM33xx\Source\Templates\AR
M\startup_fm33fh0xx.s
      At line 226 in file ..\Drivers\CMSIS\Device\FM\FM33xx\Source\Templates\AR
M\startup_fm33fh0xx.s

__initial_sp 00000800

Symbol: __initial_sp
   Definitions
      At line 13 in file ..\Drivers\CMSIS\Device\FM\FM33xx\Source\Templates\ARM
\startup_fm33fh0xx.s
   Uses
      At line 39 in file ..\Drivers\CMSIS\Device\FM\FM33xx\Source\Templates\ARM
\startup_fm33fh0xx.s
Comment: __initial_sp used once
3 symbols



ARM Macro Assembler    Page 1 Alphabetic symbol ordering
Relocatable symbols

HEAP 00000000

Symbol: HEAP
   Definitions
      At line 22 in file ..\Drivers\CMSIS\Device\FM\FM33xx\Source\Templates\ARM
\startup_fm33fh0xx.s
   Uses
      None
Comment: HEAP unused
Heap_Mem 00000000

Symbol: Heap_Mem
   Definitions
      At line 24 in file ..\Drivers\CMSIS\Device\FM\FM33xx\Source\Templates\ARM
\startup_fm33fh0xx.s
   Uses
      At line 223 in file ..\Drivers\CMSIS\Device\FM\FM33xx\Source\Templates\AR
M\startup_fm33fh0xx.s
      At line 225 in file ..\Drivers\CMSIS\Device\FM\FM33xx\Source\Templates\AR
M\startup_fm33fh0xx.s

__heap_base 00000000

Symbol: __heap_base
   Definitions
      At line 23 in file ..\Drivers\CMSIS\Device\FM\FM33xx\Source\Templates\ARM
\startup_fm33fh0xx.s
   Uses
      None
Comment: __heap_base unused
__heap_limit 00000800

Symbol: __heap_limit
   Definitions
      At line 25 in file ..\Drivers\CMSIS\Device\FM\FM33xx\Source\Templates\ARM
\startup_fm33fh0xx.s
   Uses
      None
Comment: __heap_limit unused
4 symbols



ARM Macro Assembler    Page 1 Alphabetic symbol ordering
Relocatable symbols

RESET 00000000

Symbol: RESET
   Definitions
      At line 33 in file ..\Drivers\CMSIS\Device\FM\FM33xx\Source\Templates\ARM
\startup_fm33fh0xx.s
   Uses
      None
Comment: RESET unused
__Vectors 00000000

Symbol: __Vectors
   Definitions
      At line 39 in file ..\Drivers\CMSIS\Device\FM\FM33xx\Source\Templates\ARM
\startup_fm33fh0xx.s
   Uses
      At line 34 in file ..\Drivers\CMSIS\Device\FM\FM33xx\Source\Templates\ARM
\startup_fm33fh0xx.s
      At line 92 in file ..\Drivers\CMSIS\Device\FM\FM33xx\Source\Templates\ARM
\startup_fm33fh0xx.s

__Vectors_End 000000C0

Symbol: __Vectors_End
   Definitions
      At line 90 in file ..\Drivers\CMSIS\Device\FM\FM33xx\Source\Templates\ARM
\startup_fm33fh0xx.s
   Uses
      At line 35 in file ..\Drivers\CMSIS\Device\FM\FM33xx\Source\Templates\ARM
\startup_fm33fh0xx.s
      At line 92 in file ..\Drivers\CMSIS\Device\FM\FM33xx\Source\Templates\ARM
\startup_fm33fh0xx.s

3 symbols



ARM Macro Assembler    Page 1 Alphabetic symbol ordering
Relocatable symbols

.text 00000000

Symbol: .text
   Definitions
      At line 94 in file ..\Drivers\CMSIS\Device\FM\FM33xx\Source\Templates\ARM
\startup_fm33fh0xx.s
   Uses
      None
Comment: .text unused
Default_Handler 00000012

Symbol: Default_Handler
   Definitions
      At line 135 in file ..\Drivers\CMSIS\Device\FM\FM33xx\Source\Templates\AR
M\startup_fm33fh0xx.s
   Uses
      None
Comment: Default_Handler unused
HardFault_Handler 0000000A

Symbol: HardFault_Handler
   Definitions
      At line 117 in file ..\Drivers\CMSIS\Device\FM\FM33xx\Source\Templates\AR
M\startup_fm33fh0xx.s
   Uses
      At line 42 in file ..\Drivers\CMSIS\Device\FM\FM33xx\Source\Templates\ARM
\startup_fm33fh0xx.s
      At line 118 in file ..\Drivers\CMSIS\Device\FM\FM33xx\Source\Templates\AR
M\startup_fm33fh0xx.s

MUX0_IRQHandler 00000012

Symbol: MUX0_IRQHandler
   Definitions
      At line 168 in file ..\Drivers\CMSIS\Device\FM\FM33xx\Source\Templates\AR
M\startup_fm33fh0xx.s
   Uses
      At line 57 in file ..\Drivers\CMSIS\Device\FM\FM33xx\Source\Templates\ARM
\startup_fm33fh0xx.s
      At line 136 in file ..\Drivers\CMSIS\Device\FM\FM33xx\Source\Templates\AR
M\startup_fm33fh0xx.s

MUX10_IRQHandler 00000012

Symbol: MUX10_IRQHandler
   Definitions
      At line 178 in file ..\Drivers\CMSIS\Device\FM\FM33xx\Source\Templates\AR
M\startup_fm33fh0xx.s
   Uses
      At line 67 in file ..\Drivers\CMSIS\Device\FM\FM33xx\Source\Templates\ARM
\startup_fm33fh0xx.s
      At line 146 in file ..\Drivers\CMSIS\Device\FM\FM33xx\Source\Templates\AR
M\startup_fm33fh0xx.s

MUX11_IRQHandler 00000012

Symbol: MUX11_IRQHandler
   Definitions
      At line 179 in file ..\Drivers\CMSIS\Device\FM\FM33xx\Source\Templates\AR



ARM Macro Assembler    Page 2 Alphabetic symbol ordering
Relocatable symbols

M\startup_fm33fh0xx.s
   Uses
      At line 68 in file ..\Drivers\CMSIS\Device\FM\FM33xx\Source\Templates\ARM
\startup_fm33fh0xx.s
      At line 147 in file ..\Drivers\CMSIS\Device\FM\FM33xx\Source\Templates\AR
M\startup_fm33fh0xx.s

MUX12_IRQHandler 00000012

Symbol: MUX12_IRQHandler
   Definitions
      At line 180 in file ..\Drivers\CMSIS\Device\FM\FM33xx\Source\Templates\AR
M\startup_fm33fh0xx.s
   Uses
      At line 69 in file ..\Drivers\CMSIS\Device\FM\FM33xx\Source\Templates\ARM
\startup_fm33fh0xx.s
      At line 148 in file ..\Drivers\CMSIS\Device\FM\FM33xx\Source\Templates\AR
M\startup_fm33fh0xx.s

MUX13_IRQHandler 00000012

Symbol: MUX13_IRQHandler
   Definitions
      At line 181 in file ..\Drivers\CMSIS\Device\FM\FM33xx\Source\Templates\AR
M\startup_fm33fh0xx.s
   Uses
      At line 70 in file ..\Drivers\CMSIS\Device\FM\FM33xx\Source\Templates\ARM
\startup_fm33fh0xx.s
      At line 149 in file ..\Drivers\CMSIS\Device\FM\FM33xx\Source\Templates\AR
M\startup_fm33fh0xx.s

MUX14_IRQHandler 00000012

Symbol: MUX14_IRQHandler
   Definitions
      At line 182 in file ..\Drivers\CMSIS\Device\FM\FM33xx\Source\Templates\AR
M\startup_fm33fh0xx.s
   Uses
      At line 71 in file ..\Drivers\CMSIS\Device\FM\FM33xx\Source\Templates\ARM
\startup_fm33fh0xx.s
      At line 150 in file ..\Drivers\CMSIS\Device\FM\FM33xx\Source\Templates\AR
M\startup_fm33fh0xx.s

MUX15_IRQHandler 00000012

Symbol: MUX15_IRQHandler
   Definitions
      At line 183 in file ..\Drivers\CMSIS\Device\FM\FM33xx\Source\Templates\AR
M\startup_fm33fh0xx.s
   Uses
      At line 72 in file ..\Drivers\CMSIS\Device\FM\FM33xx\Source\Templates\ARM
\startup_fm33fh0xx.s
      At line 151 in file ..\Drivers\CMSIS\Device\FM\FM33xx\Source\Templates\AR
M\startup_fm33fh0xx.s

MUX16_IRQHandler 00000012

Symbol: MUX16_IRQHandler
   Definitions



ARM Macro Assembler    Page 3 Alphabetic symbol ordering
Relocatable symbols

      At line 184 in file ..\Drivers\CMSIS\Device\FM\FM33xx\Source\Templates\AR
M\startup_fm33fh0xx.s
   Uses
      At line 73 in file ..\Drivers\CMSIS\Device\FM\FM33xx\Source\Templates\ARM
\startup_fm33fh0xx.s
      At line 152 in file ..\Drivers\CMSIS\Device\FM\FM33xx\Source\Templates\AR
M\startup_fm33fh0xx.s

MUX17_IRQHandler 00000012

Symbol: MUX17_IRQHandler
   Definitions
      At line 185 in file ..\Drivers\CMSIS\Device\FM\FM33xx\Source\Templates\AR
M\startup_fm33fh0xx.s
   Uses
      At line 74 in file ..\Drivers\CMSIS\Device\FM\FM33xx\Source\Templates\ARM
\startup_fm33fh0xx.s
      At line 153 in file ..\Drivers\CMSIS\Device\FM\FM33xx\Source\Templates\AR
M\startup_fm33fh0xx.s

MUX18_IRQHandler 00000012

Symbol: MUX18_IRQHandler
   Definitions
      At line 186 in file ..\Drivers\CMSIS\Device\FM\FM33xx\Source\Templates\AR
M\startup_fm33fh0xx.s
   Uses
      At line 75 in file ..\Drivers\CMSIS\Device\FM\FM33xx\Source\Templates\ARM
\startup_fm33fh0xx.s
      At line 154 in file ..\Drivers\CMSIS\Device\FM\FM33xx\Source\Templates\AR
M\startup_fm33fh0xx.s

MUX19_IRQHandler 00000012

Symbol: MUX19_IRQHandler
   Definitions
      At line 187 in file ..\Drivers\CMSIS\Device\FM\FM33xx\Source\Templates\AR
M\startup_fm33fh0xx.s
   Uses
      At line 76 in file ..\Drivers\CMSIS\Device\FM\FM33xx\Source\Templates\ARM
\startup_fm33fh0xx.s
      At line 155 in file ..\Drivers\CMSIS\Device\FM\FM33xx\Source\Templates\AR
M\startup_fm33fh0xx.s

MUX1_IRQHandler 00000012

Symbol: MUX1_IRQHandler
   Definitions
      At line 169 in file ..\Drivers\CMSIS\Device\FM\FM33xx\Source\Templates\AR
M\startup_fm33fh0xx.s
   Uses
      At line 58 in file ..\Drivers\CMSIS\Device\FM\FM33xx\Source\Templates\ARM
\startup_fm33fh0xx.s
      At line 137 in file ..\Drivers\CMSIS\Device\FM\FM33xx\Source\Templates\AR
M\startup_fm33fh0xx.s

MUX20_IRQHandler 00000012

Symbol: MUX20_IRQHandler



ARM Macro Assembler    Page 4 Alphabetic symbol ordering
Relocatable symbols

   Definitions
      At line 188 in file ..\Drivers\CMSIS\Device\FM\FM33xx\Source\Templates\AR
M\startup_fm33fh0xx.s
   Uses
      At line 77 in file ..\Drivers\CMSIS\Device\FM\FM33xx\Source\Templates\ARM
\startup_fm33fh0xx.s
      At line 156 in file ..\Drivers\CMSIS\Device\FM\FM33xx\Source\Templates\AR
M\startup_fm33fh0xx.s

MUX21_IRQHandler 00000012

Symbol: MUX21_IRQHandler
   Definitions
      At line 189 in file ..\Drivers\CMSIS\Device\FM\FM33xx\Source\Templates\AR
M\startup_fm33fh0xx.s
   Uses
      At line 78 in file ..\Drivers\CMSIS\Device\FM\FM33xx\Source\Templates\ARM
\startup_fm33fh0xx.s
      At line 157 in file ..\Drivers\CMSIS\Device\FM\FM33xx\Source\Templates\AR
M\startup_fm33fh0xx.s

MUX22_IRQHandler 00000012

Symbol: MUX22_IRQHandler
   Definitions
      At line 190 in file ..\Drivers\CMSIS\Device\FM\FM33xx\Source\Templates\AR
M\startup_fm33fh0xx.s
   Uses
      At line 79 in file ..\Drivers\CMSIS\Device\FM\FM33xx\Source\Templates\ARM
\startup_fm33fh0xx.s
      At line 158 in file ..\Drivers\CMSIS\Device\FM\FM33xx\Source\Templates\AR
M\startup_fm33fh0xx.s

MUX23_IRQHandler 00000012

Symbol: MUX23_IRQHandler
   Definitions
      At line 191 in file ..\Drivers\CMSIS\Device\FM\FM33xx\Source\Templates\AR
M\startup_fm33fh0xx.s
   Uses
      At line 80 in file ..\Drivers\CMSIS\Device\FM\FM33xx\Source\Templates\ARM
\startup_fm33fh0xx.s
      At line 159 in file ..\Drivers\CMSIS\Device\FM\FM33xx\Source\Templates\AR
M\startup_fm33fh0xx.s

MUX24_IRQHandler 00000012

Symbol: MUX24_IRQHandler
   Definitions
      At line 192 in file ..\Drivers\CMSIS\Device\FM\FM33xx\Source\Templates\AR
M\startup_fm33fh0xx.s
   Uses
      At line 81 in file ..\Drivers\CMSIS\Device\FM\FM33xx\Source\Templates\ARM
\startup_fm33fh0xx.s
      At line 160 in file ..\Drivers\CMSIS\Device\FM\FM33xx\Source\Templates\AR
M\startup_fm33fh0xx.s

MUX25_IRQHandler 00000012




ARM Macro Assembler    Page 5 Alphabetic symbol ordering
Relocatable symbols

Symbol: MUX25_IRQHandler
   Definitions
      At line 193 in file ..\Drivers\CMSIS\Device\FM\FM33xx\Source\Templates\AR
M\startup_fm33fh0xx.s
   Uses
      At line 82 in file ..\Drivers\CMSIS\Device\FM\FM33xx\Source\Templates\ARM
\startup_fm33fh0xx.s
      At line 161 in file ..\Drivers\CMSIS\Device\FM\FM33xx\Source\Templates\AR
M\startup_fm33fh0xx.s

MUX26_IRQHandler 00000012

Symbol: MUX26_IRQHandler
   Definitions
      At line 194 in file ..\Drivers\CMSIS\Device\FM\FM33xx\Source\Templates\AR
M\startup_fm33fh0xx.s
   Uses
      At line 83 in file ..\Drivers\CMSIS\Device\FM\FM33xx\Source\Templates\ARM
\startup_fm33fh0xx.s
      At line 162 in file ..\Drivers\CMSIS\Device\FM\FM33xx\Source\Templates\AR
M\startup_fm33fh0xx.s

MUX27_IRQHandler 00000012

Symbol: MUX27_IRQHandler
   Definitions
      At line 195 in file ..\Drivers\CMSIS\Device\FM\FM33xx\Source\Templates\AR
M\startup_fm33fh0xx.s
   Uses
      At line 84 in file ..\Drivers\CMSIS\Device\FM\FM33xx\Source\Templates\ARM
\startup_fm33fh0xx.s
      At line 163 in file ..\Drivers\CMSIS\Device\FM\FM33xx\Source\Templates\AR
M\startup_fm33fh0xx.s

MUX28_IRQHandler 00000012

Symbol: MUX28_IRQHandler
   Definitions
      At line 196 in file ..\Drivers\CMSIS\Device\FM\FM33xx\Source\Templates\AR
M\startup_fm33fh0xx.s
   Uses
      At line 85 in file ..\Drivers\CMSIS\Device\FM\FM33xx\Source\Templates\ARM
\startup_fm33fh0xx.s
      At line 164 in file ..\Drivers\CMSIS\Device\FM\FM33xx\Source\Templates\AR
M\startup_fm33fh0xx.s

MUX29_IRQHandler 00000012

Symbol: MUX29_IRQHandler
   Definitions
      At line 197 in file ..\Drivers\CMSIS\Device\FM\FM33xx\Source\Templates\AR
M\startup_fm33fh0xx.s
   Uses
      At line 86 in file ..\Drivers\CMSIS\Device\FM\FM33xx\Source\Templates\ARM
\startup_fm33fh0xx.s
      At line 165 in file ..\Drivers\CMSIS\Device\FM\FM33xx\Source\Templates\AR
M\startup_fm33fh0xx.s

MUX2_IRQHandler 00000012



ARM Macro Assembler    Page 6 Alphabetic symbol ordering
Relocatable symbols


Symbol: MUX2_IRQHandler
   Definitions
      At line 170 in file ..\Drivers\CMSIS\Device\FM\FM33xx\Source\Templates\AR
M\startup_fm33fh0xx.s
   Uses
      At line 59 in file ..\Drivers\CMSIS\Device\FM\FM33xx\Source\Templates\ARM
\startup_fm33fh0xx.s
      At line 138 in file ..\Drivers\CMSIS\Device\FM\FM33xx\Source\Templates\AR
M\startup_fm33fh0xx.s

MUX30_IRQHandler 00000012

Symbol: MUX30_IRQHandler
   Definitions
      At line 198 in file ..\Drivers\CMSIS\Device\FM\FM33xx\Source\Templates\AR
M\startup_fm33fh0xx.s
   Uses
      At line 87 in file ..\Drivers\CMSIS\Device\FM\FM33xx\Source\Templates\ARM
\startup_fm33fh0xx.s
      At line 166 in file ..\Drivers\CMSIS\Device\FM\FM33xx\Source\Templates\AR
M\startup_fm33fh0xx.s

MUX31_IRQHandler 00000012

Symbol: MUX31_IRQHandler
   Definitions
      At line 199 in file ..\Drivers\CMSIS\Device\FM\FM33xx\Source\Templates\AR
M\startup_fm33fh0xx.s
   Uses
      At line 88 in file ..\Drivers\CMSIS\Device\FM\FM33xx\Source\Templates\ARM
\startup_fm33fh0xx.s
      At line 167 in file ..\Drivers\CMSIS\Device\FM\FM33xx\Source\Templates\AR
M\startup_fm33fh0xx.s

MUX3_IRQHandler 00000012

Symbol: MUX3_IRQHandler
   Definitions
      At line 171 in file ..\Drivers\CMSIS\Device\FM\FM33xx\Source\Templates\AR
M\startup_fm33fh0xx.s
   Uses
      At line 60 in file ..\Drivers\CMSIS\Device\FM\FM33xx\Source\Templates\ARM
\startup_fm33fh0xx.s
      At line 139 in file ..\Drivers\CMSIS\Device\FM\FM33xx\Source\Templates\AR
M\startup_fm33fh0xx.s

MUX4_IRQHandler 00000012

Symbol: MUX4_IRQHandler
   Definitions
      At line 172 in file ..\Drivers\CMSIS\Device\FM\FM33xx\Source\Templates\AR
M\startup_fm33fh0xx.s
   Uses
      At line 61 in file ..\Drivers\CMSIS\Device\FM\FM33xx\Source\Templates\ARM
\startup_fm33fh0xx.s
      At line 140 in file ..\Drivers\CMSIS\Device\FM\FM33xx\Source\Templates\AR
M\startup_fm33fh0xx.s




ARM Macro Assembler    Page 7 Alphabetic symbol ordering
Relocatable symbols

MUX5_IRQHandler 00000012

Symbol: MUX5_IRQHandler
   Definitions
      At line 173 in file ..\Drivers\CMSIS\Device\FM\FM33xx\Source\Templates\AR
M\startup_fm33fh0xx.s
   Uses
      At line 62 in file ..\Drivers\CMSIS\Device\FM\FM33xx\Source\Templates\ARM
\startup_fm33fh0xx.s
      At line 141 in file ..\Drivers\CMSIS\Device\FM\FM33xx\Source\Templates\AR
M\startup_fm33fh0xx.s

MUX6_IRQHandler 00000012

Symbol: MUX6_IRQHandler
   Definitions
      At line 174 in file ..\Drivers\CMSIS\Device\FM\FM33xx\Source\Templates\AR
M\startup_fm33fh0xx.s
   Uses
      At line 63 in file ..\Drivers\CMSIS\Device\FM\FM33xx\Source\Templates\ARM
\startup_fm33fh0xx.s
      At line 142 in file ..\Drivers\CMSIS\Device\FM\FM33xx\Source\Templates\AR
M\startup_fm33fh0xx.s

MUX7_IRQHandler 00000012

Symbol: MUX7_IRQHandler
   Definitions
      At line 175 in file ..\Drivers\CMSIS\Device\FM\FM33xx\Source\Templates\AR
M\startup_fm33fh0xx.s
   Uses
      At line 64 in file ..\Drivers\CMSIS\Device\FM\FM33xx\Source\Templates\ARM
\startup_fm33fh0xx.s
      At line 143 in file ..\Drivers\CMSIS\Device\FM\FM33xx\Source\Templates\AR
M\startup_fm33fh0xx.s

MUX8_IRQHandler 00000012

Symbol: MUX8_IRQHandler
   Definitions
      At line 176 in file ..\Drivers\CMSIS\Device\FM\FM33xx\Source\Templates\AR
M\startup_fm33fh0xx.s
   Uses
      At line 65 in file ..\Drivers\CMSIS\Device\FM\FM33xx\Source\Templates\ARM
\startup_fm33fh0xx.s
      At line 144 in file ..\Drivers\CMSIS\Device\FM\FM33xx\Source\Templates\AR
M\startup_fm33fh0xx.s

MUX9_IRQHandler 00000012

Symbol: MUX9_IRQHandler
   Definitions
      At line 177 in file ..\Drivers\CMSIS\Device\FM\FM33xx\Source\Templates\AR
M\startup_fm33fh0xx.s
   Uses
      At line 66 in file ..\Drivers\CMSIS\Device\FM\FM33xx\Source\Templates\ARM
\startup_fm33fh0xx.s
      At line 145 in file ..\Drivers\CMSIS\Device\FM\FM33xx\Source\Templates\AR
M\startup_fm33fh0xx.s



ARM Macro Assembler    Page 8 Alphabetic symbol ordering
Relocatable symbols


NMI_Handler 00000008

Symbol: NMI_Handler
   Definitions
      At line 112 in file ..\Drivers\CMSIS\Device\FM\FM33xx\Source\Templates\AR
M\startup_fm33fh0xx.s
   Uses
      At line 41 in file ..\Drivers\CMSIS\Device\FM\FM33xx\Source\Templates\ARM
\startup_fm33fh0xx.s
      At line 113 in file ..\Drivers\CMSIS\Device\FM\FM33xx\Source\Templates\AR
M\startup_fm33fh0xx.s

PendSV_Handler 0000000E

Symbol: PendSV_Handler
   Definitions
      At line 125 in file ..\Drivers\CMSIS\Device\FM\FM33xx\Source\Templates\AR
M\startup_fm33fh0xx.s
   Uses
      At line 53 in file ..\Drivers\CMSIS\Device\FM\FM33xx\Source\Templates\ARM
\startup_fm33fh0xx.s
      At line 126 in file ..\Drivers\CMSIS\Device\FM\FM33xx\Source\Templates\AR
M\startup_fm33fh0xx.s

Reset_Handler 00000000

Symbol: Reset_Handler
   Definitions
      At line 99 in file ..\Drivers\CMSIS\Device\FM\FM33xx\Source\Templates\ARM
\startup_fm33fh0xx.s
   Uses
      At line 40 in file ..\Drivers\CMSIS\Device\FM\FM33xx\Source\Templates\ARM
\startup_fm33fh0xx.s
      At line 100 in file ..\Drivers\CMSIS\Device\FM\FM33xx\Source\Templates\AR
M\startup_fm33fh0xx.s

SVC_Handler 0000000C

Symbol: SVC_Handler
   Definitions
      At line 121 in file ..\Drivers\CMSIS\Device\FM\FM33xx\Source\Templates\AR
M\startup_fm33fh0xx.s
   Uses
      At line 50 in file ..\Drivers\CMSIS\Device\FM\FM33xx\Source\Templates\ARM
\startup_fm33fh0xx.s
      At line 122 in file ..\Drivers\CMSIS\Device\FM\FM33xx\Source\Templates\AR
M\startup_fm33fh0xx.s

SysTick_Handler 00000010

Symbol: SysTick_Handler
   Definitions
      At line 129 in file ..\Drivers\CMSIS\Device\FM\FM33xx\Source\Templates\AR
M\startup_fm33fh0xx.s
   Uses
      At line 54 in file ..\Drivers\CMSIS\Device\FM\FM33xx\Source\Templates\ARM
\startup_fm33fh0xx.s
      At line 130 in file ..\Drivers\CMSIS\Device\FM\FM33xx\Source\Templates\AR



ARM Macro Assembler    Page 9 Alphabetic symbol ordering
Relocatable symbols

M\startup_fm33fh0xx.s

__user_initial_stackheap 00000014

Symbol: __user_initial_stackheap
   Definitions
      At line 221 in file ..\Drivers\CMSIS\Device\FM\FM33xx\Source\Templates\AR
M\startup_fm33fh0xx.s
   Uses
      At line 220 in file ..\Drivers\CMSIS\Device\FM\FM33xx\Source\Templates\AR
M\startup_fm33fh0xx.s
Comment: __user_initial_stackheap used once
41 symbols



ARM Macro Assembler    Page 1 Alphabetic symbol ordering
Absolute symbols

Heap_Size 00000800

Symbol: Heap_Size
   Definitions
      At line 20 in file ..\Drivers\CMSIS\Device\FM\FM33xx\Source\Templates\ARM
\startup_fm33fh0xx.s
   Uses
      At line 24 in file ..\Drivers\CMSIS\Device\FM\FM33xx\Source\Templates\ARM
\startup_fm33fh0xx.s
      At line 225 in file ..\Drivers\CMSIS\Device\FM\FM33xx\Source\Templates\AR
M\startup_fm33fh0xx.s

Stack_Size 00000800

Symbol: Stack_Size
   Definitions
      At line 9 in file ..\Drivers\CMSIS\Device\FM\FM33xx\Source\Templates\ARM\
startup_fm33fh0xx.s
   Uses
      At line 12 in file ..\Drivers\CMSIS\Device\FM\FM33xx\Source\Templates\ARM
\startup_fm33fh0xx.s
      At line 224 in file ..\Drivers\CMSIS\Device\FM\FM33xx\Source\Templates\AR
M\startup_fm33fh0xx.s

__Vectors_Size 000000C0

Symbol: __Vectors_Size
   Definitions
      At line 92 in file ..\Drivers\CMSIS\Device\FM\FM33xx\Source\Templates\ARM
\startup_fm33fh0xx.s
   Uses
      At line 36 in file ..\Drivers\CMSIS\Device\FM\FM33xx\Source\Templates\ARM
\startup_fm33fh0xx.s
Comment: __Vectors_Size used once
3 symbols



ARM Macro Assembler    Page 1 Alphabetic symbol ordering
External symbols

SystemInit 00000000

Symbol: SystemInit
   Definitions
      At line 101 in file ..\Drivers\CMSIS\Device\FM\FM33xx\Source\Templates\AR
M\startup_fm33fh0xx.s
   Uses
      At line 103 in file ..\Drivers\CMSIS\Device\FM\FM33xx\Source\Templates\AR
M\startup_fm33fh0xx.s
Comment: SystemInit used once
__main 00000000

Symbol: __main
   Definitions
      At line 102 in file ..\Drivers\CMSIS\Device\FM\FM33xx\Source\Templates\AR
M\startup_fm33fh0xx.s
   Uses
      At line 105 in file ..\Drivers\CMSIS\Device\FM\FM33xx\Source\Templates\AR
M\startup_fm33fh0xx.s
Comment: __main used once
__use_two_region_memory 00000000

Symbol: __use_two_region_memory
   Definitions
      At line 219 in file ..\Drivers\CMSIS\Device\FM\FM33xx\Source\Templates\AR
M\startup_fm33fh0xx.s
   Uses
      None
Comment: __use_two_region_memory unused
3 symbols
393 symbols in table
